4 1 || 1 | 6 | 1
3 d || 1 | 1 | 1
5 2 || 1 | 8 | 1
d 6 || 1 | 4 | 1
d c || 1 | a | 1
6 5 || 0 | b | 1
5 7 || 0 | c | 1
f 2 || 0 | 1 | 1
8 5 || 0 | d | 1
d d || 1 | b | 1
3 a || 0 | d | 1
0 a || 1 | b | 1
6 3 || 1 | a | 1
3 b || 1 | f | 1
2 e || 1 | 1 | 1
f 3 || 0 | 2 | 1
a c || 0 | 6 | 1
a 1 || 0 | b | 1
8 9 || 1 | 2 | 1
6 6 || 0 | c | 1
c a || 1 | 7 | 1
1 5 || 1 | 7 | 1
b a || 0 | 5 | 1
5 1 || 1 | 7 | 1
2 c || 1 | f | 1
f 8 || 1 | 8 | 1
f c || 1 | c | 1
9 9 || 0 | 2 | 1
7 1 || 0 | 8 | 1
c 2 || 0 | e | 1
7 d || 0 | 4 | 1
e d || 1 | c | 1
f 3 || 1 | 3 | 1
8 b || 1 | 4 | 1
f a || 0 | 9 | 1
6 e || 0 | 4 | 1
a 6 || 1 | 1 | 1
3 f || 1 | 3 | 1
f 4 || 1 | 4 | 1
b 6 || 0 | 1 | 1
9 d || 0 | 6 | 1
5 5 || 1 | b | 1
9 4 || 0 | d | 1
a b || 0 | 5 | 1
c a || 1 | 7 | 1
3 6 || 0 | 9 | 1
7 a || 0 | 1 | 1
8 9 || 0 | 1 | 1
4 3 || 0 | 7 | 1
9 b || 1 | 5 | 1
9 d || 0 | 6 | 1
a 6 || 1 | 1 | 1
6 4 || 1 | b | 1
9 4 || 0 | d | 1
8 d || 1 | 6 | 1
e 8 || 0 | 6 | 1
d 9 || 0 | 6 | 1
6 a || 1 | 1 | 1
6 0 || 1 | 7 | 1
a e || 0 | 8 | 1
5 a || 1 | 0 | 1
7 6 || 0 | d | 1
6 6 || 1 | d | 1
c 6 || 0 | 2 | 1
e b || 1 | a | 1
9 a || 1 | 4 | 1
7 1 || 0 | 8 | 1
0 5 || 1 | 6 | 1
9 1 || 1 | b | 1
8 b || 1 | 4 | 1
c a || 0 | 6 | 1
8 9 || 1 | 2 | 1
e 6 || 1 | 5 | 1
a a || 1 | 5 | 1
e 8 || 1 | 7 | 1
8 a || 1 | 3 | 1
b 7 || 0 | 2 | 1
a 4 || 1 | f | 1
2 4 || 1 | 7 | 1
6 a || 0 | 0 | 1
2 d || 0 | f | 1
4 a || 1 | f | 1
1 e || 1 | 0 | 1
b f || 1 | b | 1
6 5 || 1 | c | 1
b 8 || 0 | 3 | 1
b 2 || 0 | d | 1
d b || 0 | 8 | 1
e d || 0 | b | 1
8 1 || 0 | 9 | 1
1 b || 0 | c | 1
3 6 || 1 | a | 1
2 4 || 1 | 7 | 1
8 2 || 0 | a | 1
9 5 || 1 | f | 1
b 1 || 0 | c | 1
7 1 || 1 | 9 | 1
4 8 || 0 | c | 1
4 2 || 0 | 6 | 1
1 5 || 1 | 7 | 1
b 5 || 1 | 1 | 1
7 4 || 1 | c | 1
7 9 || 1 | 1 | 1
b 9 || 1 | 5 | 1
1 a || 0 | b | 1
5 3 || 0 | 8 | 1
2 e || 0 | 0 | 1
f 6 || 0 | 5 | 1
8 0 || 0 | 8 | 1
6 5 || 0 | b | 1
4 9 || 0 | d | 1
c a || 0 | 6 | 1
5 1 || 1 | 7 | 1
3 9 || 0 | c | 1
5 1 || 1 | 7 | 1
a 7 || 0 | 1 | 1
c 1 || 1 | e | 1
6 7 || 0 | d | 1
c 5 || 0 | 1 | 1
0 2 || 0 | 2 | 1
d d || 1 | b | 1
9 e || 1 | 8 | 1
b f || 1 | b | 1
3 d || 1 | 1 | 1
4 5 || 0 | 9 | 1
d 2 || 0 | f | 1
d 2 || 0 | f | 1
6 c || 0 | 2 | 1
7 a || 0 | 1 | 1
a c || 0 | 6 | 1
a b || 0 | 5 | 1
5 2 || 0 | 7 | 1
9 4 || 1 | e | 1
b c || 1 | 8 | 1
6 9 || 0 | f | 1
0 c || 0 | c | 1
7 a || 1 | 2 | 1
8 b || 1 | 4 | 1
c 3 || 0 | f | 1
9 9 || 1 | 3 | 1
4 7 || 1 | c | 1
0 2 || 1 | 3 | 1
9 0 || 0 | 9 | 1
3 3 || 0 | 6 | 1
8 d || 0 | 5 | 1
4 b || 1 | 0 | 1
2 2 || 1 | 5 | 1
0 e || 1 | f | 1
b 6 || 1 | 2 | 1
0 f || 1 | 0 | 1
c 9 || 1 | 6 | 1
f 0 || 1 | 0 | 1
9 7 || 0 | 0 | 1
8 b || 0 | 3 | 1
8 7 || 0 | f | 1
0 7 || 1 | 8 | 1
4 7 || 0 | b | 1
9 b || 1 | 5 | 1
b 0 || 0 | b | 1
5 0 || 1 | 6 | 1
6 f || 1 | 6 | 1
8 6 || 1 | f | 1
1 5 || 0 | 6 | 1
0 5 || 0 | 5 | 1
4 9 || 1 | e | 1
7 e || 1 | 6 | 1
5 8 || 0 | d | 1
a f || 1 | a | 1
d e || 0 | b | 1
c 9 || 1 | 6 | 1
b f || 0 | a | 1
9 3 || 1 | d | 1
5 1 || 1 | 7 | 1
9 a || 1 | 4 | 1
2 4 || 0 | 6 | 1
d 9 || 1 | 7 | 1
d 9 || 1 | 7 | 1
f b || 1 | b | 1
0 6 || 0 | 6 | 1
d a || 0 | 7 | 1
